<?xml version="1.0" encoding="UTF-8"?>
<testng-results ignored="0" total="2" passed="2" failed="0" skipped="0">
  <reporter-output>
  </reporter-output>
  <suite started-at="2021-06-24T23:20:04 EDT" name="Default suite" finished-at="2021-06-24T23:20:50 EDT" duration-ms="45298">
    <groups>
    </groups>
    <test started-at="2021-06-24T23:20:04 EDT" name="Default test" finished-at="2021-06-24T23:20:50 EDT" duration-ms="45298">
      <class name="Final_project_iqbal.iqbal2">
        <test-method is-config="true" signature="setUpClass()[pri:0, instance:Final_project_iqbal.iqbal2@503d687a]" started-at="2021-06-24T23:20:05 EDT" name="setUpClass" finished-at="2021-06-24T23:20:05 EDT" duration-ms="143" status="PASS">
          <reporter-output>
          </reporter-output>
        </test-method> <!-- setUpClass -->
        <test-method signature="buttons()[pri:0, instance:Final_project_iqbal.iqbal2@503d687a]" started-at="2021-06-24T23:20:05 EDT" name="buttons" finished-at="2021-06-24T23:20:31 EDT" duration-ms="25722" status="PASS">
          <reporter-output>
          </reporter-output>
        </test-method> <!-- buttons -->
        <test-method signature="imagess()[pri:0, instance:Final_project_iqbal.iqbal2@503d687a]" started-at="2021-06-24T23:20:31 EDT" name="imagess" finished-at="2021-06-24T23:20:50 EDT" duration-ms="18866" status="PASS">
          <reporter-output>
          </reporter-output>
        </test-method> <!-- imagess -->
      </class> <!-- Final_project_iqbal.iqbal2 -->
    </test> <!-- Default test -->
  </suite> <!-- Default suite -->
</testng-results>
